<?xml version="1.0" encoding="UTF-8"?>
<testng-results skipped="0" failed="0" total="2" passed="2">
  <reporter-output>
  </reporter-output>
  <suite name="Command line suite" duration-ms="166" started-at="2016-04-03T20:52:28Z" finished-at="2016-04-03T20:52:28Z">
    <groups>
    </groups>
    <test name="Command line test" duration-ms="166" started-at="2016-04-03T20:52:28Z" finished-at="2016-04-03T20:52:28Z">
      <class name="com.parent.testWorker.TestWorker">
        <test-method status="PASS" signature="testWorkerName()[pri:0, instance:com.parent.testWorker.TestWorker@19702b1]" name="testWorkerName" duration-ms="8" started-at="2016-04-03T22:52:28Z" finished-at="2016-04-03T22:52:28Z">
          <reporter-output>
          </reporter-output>
        </test-method> <!-- testWorkerName -->
      </class> <!-- com.parent.testWorker.TestWorker -->
      <class name="com.parent.testMember.TestMember">
        <test-method status="PASS" signature="testMemberName()[pri:0, instance:com.parent.testMember.TestMember@1d4f279]" name="testMemberName" duration-ms="129" started-at="2016-04-03T22:52:28Z" finished-at="2016-04-03T22:52:28Z">
          <reporter-output>
          </reporter-output>
        </test-method> <!-- testMemberName -->
      </class> <!-- com.parent.testMember.TestMember -->
    </test> <!-- Command line test -->
  </suite> <!-- Command line suite -->
</testng-results>
