<?xml version="1.0" encoding="UTF-8"?>
<testng-results skipped="0" failed="0" total="5" passed="5">
  <reporter-output>
  </reporter-output>
  <suite name="Command line suite" duration-ms="31" started-at="2016-04-07T21:40:50Z" finished-at="2016-04-07T21:40:50Z">
    <groups>
    </groups>
    <test name="Command line test" duration-ms="31" started-at="2016-04-07T21:40:50Z" finished-at="2016-04-07T21:40:50Z">
      <class name="com.parent.testWorker.TestWorker">
        <test-method status="PASS" signature="testWorkerName()[pri:0, instance:com.parent.testWorker.TestWorker@17af435]" name="testWorkerName" duration-ms="2" started-at="2016-04-07T23:40:50Z" finished-at="2016-04-07T23:40:50Z">
          <reporter-output>
          </reporter-output>
        </test-method> <!-- testWorkerName -->
        <test-method status="PASS" signature="testWorkerSetName()[pri:0, instance:com.parent.testWorker.TestWorker@17af435]" name="testWorkerSetName" duration-ms="0" started-at="2016-04-07T23:40:50Z" finished-at="2016-04-07T23:40:50Z">
          <reporter-output>
          </reporter-output>
        </test-method> <!-- testWorkerSetName -->
      </class> <!-- com.parent.testWorker.TestWorker -->
      <class name="com.parent.testMember.TestMember">
        <test-method status="PASS" signature="testMemberName()[pri:0, instance:com.parent.testMember.TestMember@172e08e]" name="testMemberName" duration-ms="2" started-at="2016-04-07T23:40:50Z" finished-at="2016-04-07T23:40:50Z">
          <reporter-output>
          </reporter-output>
        </test-method> <!-- testMemberName -->
      </class> <!-- com.parent.testMember.TestMember -->
      <class name="com.parent.testBooks.TestBooks">
        <test-method status="PASS" signature="testBookAuthor()[pri:0, instance:com.parent.testBooks.TestBooks@f49ac3]" name="testBookAuthor" duration-ms="11" started-at="2016-04-07T23:40:50Z" finished-at="2016-04-07T23:40:50Z">
          <reporter-output>
          </reporter-output>
        </test-method> <!-- testBookAuthor -->
        <test-method status="PASS" signature="testSetBookAuthor()[pri:0, instance:com.parent.testBooks.TestBooks@f49ac3]" name="testSetBookAuthor" duration-ms="1" started-at="2016-04-07T23:40:50Z" finished-at="2016-04-07T23:40:50Z">
          <reporter-output>
          </reporter-output>
        </test-method> <!-- testSetBookAuthor -->
      </class> <!-- com.parent.testBooks.TestBooks -->
    </test> <!-- Command line test -->
  </suite> <!-- Command line suite -->
</testng-results>
