<?xml version="1.0" encoding="UTF-8"?>
<!-- Generated by org.testng.reporters.JUnitXMLReporter -->
<testsuite hostname="student-virtual-machine" name="Command line test" tests="5" failures="0" timestamp="7 Apr 2016 21:40:50 GMT" time="0.031" errors="0">
  <testcase name="testBookAuthor" time="0.011" classname="com.parent.testBooks.TestBooks"/>
  <testcase name="testSetBookAuthor" time="0.001" classname="com.parent.testBooks.TestBooks"/>
  <testcase name="testMemberName" time="0.002" classname="com.parent.testMember.TestMember"/>
  <testcase name="testWorkerName" time="0.002" classname="com.parent.testWorker.TestWorker"/>
  <testcase name="testWorkerSetName" time="0.0" classname="com.parent.testWorker.TestWorker"/>
</testsuite> <!-- Command line test -->
