<?xml version="1.0" encoding="UTF-8"?>
<testng-results skipped="0" failed="0" total="1" passed="1">
  <reporter-output>
  </reporter-output>
  <suite name="Command line suite" duration-ms="129" started-at="2016-04-07T21:40:50Z" finished-at="2016-04-07T21:40:50Z">
    <groups>
    </groups>
    <test name="Command line test" duration-ms="129" started-at="2016-04-07T21:40:50Z" finished-at="2016-04-07T21:40:50Z">
      <class name="com.parent.AppTest">
        <test-method status="PASS" signature="testApp()[pri:0, instance:testApp(com.parent.AppTest)]" name="testApp" duration-ms="1" started-at="2016-04-07T23:40:50Z" finished-at="2016-04-07T23:40:50Z">
          <reporter-output>
          </reporter-output>
        </test-method> <!-- testApp -->
      </class> <!-- com.parent.AppTest -->
    </test> <!-- Command line test -->
  </suite> <!-- Command line suite -->
</testng-results>
